<?xml version="1.0" encoding="UTF-8"?>
<testng-results ignored="0" total="6" passed="6" failed="0" skipped="0">
  <reporter-output>
  </reporter-output>
  <suite started-at="2024-08-16T10:38:54 IST" name="Surefire suite" finished-at="2024-08-16T10:39:49 IST" duration-ms="55027">
    <groups>
      <group name="cucumber">
        <method signature="AbstractTestNGCucumberTests.runScenario(io.cucumber.testng.PickleWrapper,io.cucumber.testng.FeatureWrapper)[pri:0, instance:runner.SForm_TestRunner@21507a04]" name="runScenario" class="io.cucumber.testng.AbstractTestNGCucumberTests"/>
      </group> <!-- cucumber -->
    </groups>
    <test started-at="2024-08-16T10:38:54 IST" name="Surefire test" finished-at="2024-08-16T10:39:49 IST" duration-ms="55027">
      <class name="runner.SForm_TestRunner">
        <test-method is-config="true" signature="setUpClass(org.testng.ITestContext)[pri:0, instance:runner.SForm_TestRunner@21507a04]" started-at="2024-08-16T10:38:54 IST" name="setUpClass" finished-at="2024-08-16T10:38:54 IST" duration-ms="436" status="PASS">
          <params>
            <param index="0">
              <value>
                <![CDATA[org.testng.TestRunner@3f93e4a8]]>
              </value>
            </param>
          </params>
          <reporter-output>
          </reporter-output>
        </test-method> <!-- setUpClass -->
        <test-method signature="runScenario(io.cucumber.testng.PickleWrapper,io.cucumber.testng.FeatureWrapper)[pri:0, instance:runner.SForm_TestRunner@21507a04]" started-at="2024-08-16T10:38:54 IST" name="runScenario" description="Runs Cucumber Scenarios" data-provider="scenarios" finished-at="2024-08-16T10:39:08 IST" duration-ms="13910" status="PASS">
          <params>
            <param index="0">
              <value>
                <![CDATA["To validate the Simple form functionality"]]>
              </value>
            </param>
            <param index="1">
              <value>
                <![CDATA["Simple form feature"]]>
              </value>
            </param>
          </params>
          <reporter-output>
          </reporter-output>
        </test-method> <!-- runScenario -->
        <test-method signature="runScenario(io.cucumber.testng.PickleWrapper,io.cucumber.testng.FeatureWrapper)[pri:0, instance:runner.SForm_TestRunner@21507a04]" started-at="2024-08-16T10:39:08 IST" name="runScenario" description="Runs Cucumber Scenarios" data-provider="scenarios" finished-at="2024-08-16T10:39:16 IST" duration-ms="8148" status="PASS">
          <params>
            <param index="0">
              <value>
                <![CDATA["To validate the Simple form functionality with multiple test data"]]>
              </value>
            </param>
            <param index="1">
              <value>
                <![CDATA["Simple form feature"]]>
              </value>
            </param>
          </params>
          <reporter-output>
          </reporter-output>
        </test-method> <!-- runScenario -->
        <test-method signature="runScenario(io.cucumber.testng.PickleWrapper,io.cucumber.testng.FeatureWrapper)[pri:0, instance:runner.SForm_TestRunner@21507a04]" started-at="2024-08-16T10:39:16 IST" name="runScenario" description="Runs Cucumber Scenarios" data-provider="scenarios" finished-at="2024-08-16T10:39:24 IST" duration-ms="8007" status="PASS">
          <params>
            <param index="0">
              <value>
                <![CDATA["To validate the Simple form functionality with multiple test data"]]>
              </value>
            </param>
            <param index="1">
              <value>
                <![CDATA["Simple form feature"]]>
              </value>
            </param>
          </params>
          <reporter-output>
          </reporter-output>
        </test-method> <!-- runScenario -->
        <test-method signature="runScenario(io.cucumber.testng.PickleWrapper,io.cucumber.testng.FeatureWrapper)[pri:0, instance:runner.SForm_TestRunner@21507a04]" started-at="2024-08-16T10:39:24 IST" name="runScenario" description="Runs Cucumber Scenarios" data-provider="scenarios" finished-at="2024-08-16T10:39:34 IST" duration-ms="9324" status="PASS">
          <params>
            <param index="0">
              <value>
                <![CDATA["To validate the Simple form functionality with multiple test data"]]>
              </value>
            </param>
            <param index="1">
              <value>
                <![CDATA["Simple form feature"]]>
              </value>
            </param>
          </params>
          <reporter-output>
          </reporter-output>
        </test-method> <!-- runScenario -->
        <test-method signature="runScenario(io.cucumber.testng.PickleWrapper,io.cucumber.testng.FeatureWrapper)[pri:0, instance:runner.SForm_TestRunner@21507a04]" started-at="2024-08-16T10:39:34 IST" name="runScenario" description="Runs Cucumber Scenarios" data-provider="scenarios" finished-at="2024-08-16T10:39:41 IST" duration-ms="7369" status="PASS">
          <params>
            <param index="0">
              <value>
                <![CDATA["To validate the Simple form functionality with multiple test data"]]>
              </value>
            </param>
            <param index="1">
              <value>
                <![CDATA["Simple form feature"]]>
              </value>
            </param>
          </params>
          <reporter-output>
          </reporter-output>
        </test-method> <!-- runScenario -->
        <test-method signature="runScenario(io.cucumber.testng.PickleWrapper,io.cucumber.testng.FeatureWrapper)[pri:0, instance:runner.SForm_TestRunner@21507a04]" started-at="2024-08-16T10:39:41 IST" name="runScenario" description="Runs Cucumber Scenarios" data-provider="scenarios" finished-at="2024-08-16T10:39:49 IST" duration-ms="7725" status="PASS">
          <params>
            <param index="0">
              <value>
                <![CDATA["To validate the Simple form functionality with multiple test data"]]>
              </value>
            </param>
            <param index="1">
              <value>
                <![CDATA["Simple form feature"]]>
              </value>
            </param>
          </params>
          <reporter-output>
          </reporter-output>
        </test-method> <!-- runScenario -->
        <test-method is-config="true" signature="tearDownClass()[pri:0, instance:runner.SForm_TestRunner@21507a04]" started-at="2024-08-16T10:39:49 IST" name="tearDownClass" finished-at="2024-08-16T10:39:49 IST" duration-ms="2" status="PASS">
          <reporter-output>
          </reporter-output>
        </test-method> <!-- tearDownClass -->
      </class> <!-- runner.SForm_TestRunner -->
    </test> <!-- Surefire test -->
  </suite> <!-- Surefire suite -->
</testng-results>
