<?xml version="1.0" encoding="UTF-8"?>
<testsuite xmlns:xsi="http://www.w3.org/2001/XMLSchema-instance" xsi:noNamespaceSchemaLocation="https://maven.apache.org/surefire/maven-surefire-plugin/xsd/surefire-test-report-3.0.xsd" version="3.0" name="runner.TestRunner" time="119.196" tests="6" errors="0" skipped="0" failures="6">
  <properties>
[...]
</properties>
  <testcase name="runScenario[&quot;To validate the Second Opinion functionality&quot;, &quot;Second Opinion link&quot;](1)" classname="runner.TestRunner" time="13.331">
    <failure message="The step &apos;enters firstName, lastName, phoneNumber, emailAddress&apos; is undefined.&#10;You can implement this step using the snippet(s) below:&#10;&#10;@When(&quot;enters firstName, lastName, phoneNumber, emailAddress&quot;)&#10;public void enters_first_name_last_name_phone_number_email_address() {&#10;    // Write code here that turns the phrase above into concrete actions&#10;    throw new io.cucumber.java.PendingException();&#10;}&#10;" type="io.cucumber.testng.UndefinedStepException"><![CDATA[io.cucumber.testng.UndefinedStepException: 
The step 'enters firstName, lastName, phoneNumber, emailAddress' is undefined.
You can implement this step using the snippet(s) below:

@When("enters firstName, lastName, phoneNumber, emailAddress")
public void enters_first_name_last_name_phone_number_email_address() {
    // Write code here that turns the phrase above into concrete actions
    throw new io.cucumber.java.PendingException();
}

	at io.cucumber.core.runtime.TestCaseResultObserver.assertTestCasePassed(TestCaseResultObserver.java:69)
	at io.cucumber.testng.TestCaseResultObserver.assertTestCasePassed(TestCaseResultObserver.java:23)
	at io.cucumber.testng.TestNGCucumberRunner.lambda$runScenario$1(TestNGCucumberRunner.java:133)
	at io.cucumber.core.runtime.CucumberExecutionContext.lambda$runTestCase$5(CucumberExecutionContext.java:136)
	at io.cucumber.core.runtime.RethrowingThrowableCollector.executeAndThrow(RethrowingThrowableCollector.java:23)
	at io.cucumber.core.runtime.CucumberExecutionContext.runTestCase(CucumberExecutionContext.java:136)
	at io.cucumber.testng.TestNGCucumberRunner.runScenario(TestNGCucumberRunner.java:129)
	at io.cucumber.testng.AbstractTestNGCucumberTests.runScenario(AbstractTestNGCucumberTests.java:35)
	at java.base/jdk.internal.reflect.NativeMethodAccessorImpl.invoke0(Native Method)
	at java.base/jdk.internal.reflect.NativeMethodAccessorImpl.invoke(NativeMethodAccessorImpl.java:77)
	at java.base/jdk.internal.reflect.DelegatingMethodAccessorImpl.invoke(DelegatingMethodAccessorImpl.java:43)
	at java.base/java.lang.reflect.Method.invoke(Method.java:568)
	at org.testng.internal.invokers.MethodInvocationHelper.invokeMethod(MethodInvocationHelper.java:141)
	at org.testng.internal.invokers.TestInvoker.invokeMethod(TestInvoker.java:686)
	at org.testng.internal.invokers.TestInvoker.invokeTestMethod(TestInvoker.java:230)
	at org.testng.internal.invokers.MethodRunner.runInSequence(MethodRunner.java:63)
	at org.testng.internal.invokers.TestInvoker$MethodInvocationAgent.invoke(TestInvoker.java:992)
	at org.testng.internal.invokers.TestInvoker.invokeTestMethods(TestInvoker.java:203)
	at org.testng.internal.invokers.TestMethodWorker.invokeTestMethods(TestMethodWorker.java:154)
	at org.testng.internal.invokers.TestMethodWorker.run(TestMethodWorker.java:134)
	at java.base/java.util.ArrayList.forEach(ArrayList.java:1511)
	at org.testng.TestRunner.privateRun(TestRunner.java:739)
	at org.testng.TestRunner.run(TestRunner.java:614)
	at org.testng.SuiteRunner.runTest(SuiteRunner.java:421)
	at org.testng.SuiteRunner.runSequentially(SuiteRunner.java:413)
	at org.testng.SuiteRunner.privateRun(SuiteRunner.java:373)
	at org.testng.SuiteRunner.run(SuiteRunner.java:312)
	at org.testng.SuiteRunnerWorker.runSuite(SuiteRunnerWorker.java:52)
	at org.testng.SuiteRunnerWorker.run(SuiteRunnerWorker.java:95)
	at org.testng.TestNG.runSuitesSequentially(TestNG.java:1274)
	at org.testng.TestNG.runSuitesLocally(TestNG.java:1208)
	at org.testng.TestNG.runSuites(TestNG.java:1112)
	at org.testng.TestNG.run(TestNG.java:1079)
	at org.apache.maven.surefire.testng.TestNGExecutor.run(TestNGExecutor.java:155)
	at org.apache.maven.surefire.testng.TestNGDirectoryTestSuite.executeSingleClass(TestNGDirectoryTestSuite.java:102)
	at org.apache.maven.surefire.testng.TestNGDirectoryTestSuite.execute(TestNGDirectoryTestSuite.java:91)
	at org.apache.maven.surefire.testng.TestNGProvider.invoke(TestNGProvider.java:137)
	at org.apache.maven.surefire.booter.ForkedBooter.runSuitesInProcess(ForkedBooter.java:385)
	at org.apache.maven.surefire.booter.ForkedBooter.execute(ForkedBooter.java:162)
	at org.apache.maven.surefire.booter.ForkedBooter.run(ForkedBooter.java:507)
	at org.apache.maven.surefire.booter.ForkedBooter.main(ForkedBooter.java:495)
]]></failure>
    <system-err><![CDATA[SLF4J: Failed to load class "org.slf4j.impl.StaticLoggerBinder".
SLF4J: Defaulting to no-operation (NOP) logger implementation
SLF4J: See http://www.slf4j.org/codes.html#StaticLoggerBinder for further details.
]]></system-err>
  </testcase>
  <testcase name="runScenario[&quot;To validate the Second Opinion functionality with multiple test data&quot;, &quot;Second Opinion link&quot;](2)" classname="runner.TestRunner" time="14.056">
    <failure message="The following asserts failed:&#10;	expected [Thank You - SPARSH Hospital] but found [Second Opinion - SPARSH Hospital]" type="java.lang.AssertionError"><![CDATA[java.lang.AssertionError: 
The following asserts failed:
	expected [Thank You - SPARSH Hospital] but found [Second Opinion - SPARSH Hospital]
	at org.testng.asserts.SoftAssert.assertAll(SoftAssert.java:46)
	at org.testng.asserts.SoftAssert.assertAll(SoftAssert.java:30)
	at steps.SecondOpinionSteps.thank_you_message_should_be_displayed(SecondOpinionSteps.java:107)
	at ✽.Thank you message should be displayed(file:///home/himanshu/Desktop/B36-SPR101-JAVA/TestNG_Cucumber/src/test/resources/SparshHospital%20Testing/SecondOpinion.feature:23)
]]></failure>
  </testcase>
  <testcase name="runScenario[&quot;To validate the Second Opinion functionality with multiple test data&quot;, &quot;Second Opinion link&quot;](3)" classname="runner.TestRunner" time="15.385">
    <failure message="The following asserts failed:&#10;	expected [Thank You - SPARSH Hospital] but found [Second Opinion - SPARSH Hospital]" type="java.lang.AssertionError"><![CDATA[java.lang.AssertionError: 
The following asserts failed:
	expected [Thank You - SPARSH Hospital] but found [Second Opinion - SPARSH Hospital]
	at org.testng.asserts.SoftAssert.assertAll(SoftAssert.java:46)
	at org.testng.asserts.SoftAssert.assertAll(SoftAssert.java:30)
	at steps.SecondOpinionSteps.thank_you_message_should_be_displayed(SecondOpinionSteps.java:107)
	at ✽.Thank you message should be displayed(file:///home/himanshu/Desktop/B36-SPR101-JAVA/TestNG_Cucumber/src/test/resources/SparshHospital%20Testing/SecondOpinion.feature:23)
]]></failure>
  </testcase>
  <testcase name="runScenario[&quot;To validate the Second Opinion functionality with multiple test data&quot;, &quot;Second Opinion link&quot;](4)" classname="runner.TestRunner" time="18.74">
    <failure message="The following asserts failed:&#10;	expected [Thank You - SPARSH Hospital] but found [Second Opinion - SPARSH Hospital]" type="java.lang.AssertionError"><![CDATA[java.lang.AssertionError: 
The following asserts failed:
	expected [Thank You - SPARSH Hospital] but found [Second Opinion - SPARSH Hospital]
	at org.testng.asserts.SoftAssert.assertAll(SoftAssert.java:46)
	at org.testng.asserts.SoftAssert.assertAll(SoftAssert.java:30)
	at steps.SecondOpinionSteps.thank_you_message_should_be_displayed(SecondOpinionSteps.java:107)
	at ✽.Thank you message should be displayed(file:///home/himanshu/Desktop/B36-SPR101-JAVA/TestNG_Cucumber/src/test/resources/SparshHospital%20Testing/SecondOpinion.feature:23)
]]></failure>
  </testcase>
  <testcase name="runScenario[&quot;To validate the Second Opinion functionality with multiple test data&quot;, &quot;Second Opinion link&quot;](5)" classname="runner.TestRunner" time="23.045">
    <failure message="The following asserts failed:&#10;	expected [Thank You - SPARSH Hospital] but found [Second Opinion - SPARSH Hospital]" type="java.lang.AssertionError"><![CDATA[java.lang.AssertionError: 
The following asserts failed:
	expected [Thank You - SPARSH Hospital] but found [Second Opinion - SPARSH Hospital]
	at org.testng.asserts.SoftAssert.assertAll(SoftAssert.java:46)
	at org.testng.asserts.SoftAssert.assertAll(SoftAssert.java:30)
	at steps.SecondOpinionSteps.thank_you_message_should_be_displayed(SecondOpinionSteps.java:107)
	at ✽.Thank you message should be displayed(file:///home/himanshu/Desktop/B36-SPR101-JAVA/TestNG_Cucumber/src/test/resources/SparshHospital%20Testing/SecondOpinion.feature:23)
]]></failure>
  </testcase>
  <testcase name="runScenario[&quot;To validate the Second Opinion functionality with multiple test data&quot;, &quot;Second Opinion link&quot;](6)" classname="runner.TestRunner" time="29.57">
    <failure message="The following asserts failed:&#10;	expected [Thank You - SPARSH Hospital] but found [Second Opinion - SPARSH Hospital]" type="java.lang.AssertionError"><![CDATA[java.lang.AssertionError: 
The following asserts failed:
	expected [Thank You - SPARSH Hospital] but found [Second Opinion - SPARSH Hospital]
	at org.testng.asserts.SoftAssert.assertAll(SoftAssert.java:46)
	at org.testng.asserts.SoftAssert.assertAll(SoftAssert.java:30)
	at steps.SecondOpinionSteps.thank_you_message_should_be_displayed(SecondOpinionSteps.java:107)
	at ✽.Thank you message should be displayed(file:///home/himanshu/Desktop/B36-SPR101-JAVA/TestNG_Cucumber/src/test/resources/SparshHospital%20Testing/SecondOpinion.feature:23)
]]></failure>
  </testcase>
</testsuite>