<?xml version="1.0" encoding="UTF-8"?>
<testsuite xmlns:xsi="http://www.w3.org/2001/XMLSchema-instance" xsi:noNamespaceSchemaLocation="https://maven.apache.org/surefire/maven-surefire-plugin/xsd/surefire-test-report.xsd" version="3.0.2" name="TestSuite" time="111.634" tests="12" errors="0" skipped="0" failures="0">
  <properties>
[...]
</properties>
  <testcase name="runScenario[&quot;To validate the Simple form functionality&quot;, &quot;Simple form feature&quot;](1)" classname="runner.SForm_TestRunner" time="30.436">
    <system-out><![CDATA[Thank You for reaching out to us, Gabbar Singh
]]></system-out>
    <system-err><![CDATA[SLF4J: Failed to load class "org.slf4j.impl.StaticLoggerBinder".
SLF4J: Defaulting to no-operation (NOP) logger implementation
SLF4J: See http://www.slf4j.org/codes.html#StaticLoggerBinder for further details.
]]></system-err>
  </testcase>
  <testcase name="runScenario[&quot;To validate the Simple form functionality with multiple test data&quot;, &quot;Simple form feature&quot;](2)" classname="runner.SForm_TestRunner" time="7.797">
    <system-out><![CDATA[Thank You for reaching out to us, Sambha Daku
]]></system-out>
  </testcase>
  <testcase name="runScenario[&quot;To validate the Simple form functionality with multiple test data&quot;, &quot;Simple form feature&quot;](3)" classname="runner.SForm_TestRunner" time="7.65">
    <system-out><![CDATA[Thank You for reaching out to us, Basanti TangAWali
]]></system-out>
  </testcase>
  <testcase name="runScenario[&quot;To validate the Simple form functionality with multiple test data&quot;, &quot;Simple form feature&quot;](4)" classname="runner.SForm_TestRunner" time="9.849">
    <system-out><![CDATA[Thank You for reaching out to us, Veeru Thug
]]></system-out>
  </testcase>
  <testcase name="runScenario[&quot;To validate the Simple form functionality with multiple test data&quot;, &quot;Simple form feature&quot;](5)" classname="runner.SForm_TestRunner" time="7.598">
    <system-out><![CDATA[Thank You for reaching out to us, Jai Thug
]]></system-out>
  </testcase>
  <testcase name="runScenario[&quot;To validate the Simple form functionality with multiple test data&quot;, &quot;Simple form feature&quot;](6)" classname="runner.SForm_TestRunner" time="6.188">
    <system-out><![CDATA[Thank You for reaching out to us, Thakur Kanna
]]></system-out>
  </testcase>
  <testcase name="runScenario[&quot;To validate the Simple form functionality&quot;, &quot;Simple form feature&quot;](1)" classname="steps.SForm_TestRunner" time="6.298">
    <system-out><![CDATA[Thank You for reaching out to us, Gabbar Singh
]]></system-out>
  </testcase>
  <testcase name="runScenario[&quot;To validate the Simple form functionality with multiple test data&quot;, &quot;Simple form feature&quot;](2)" classname="steps.SForm_TestRunner" time="6.86">
    <system-out><![CDATA[Thank You for reaching out to us, Sambha Daku
]]></system-out>
  </testcase>
  <testcase name="runScenario[&quot;To validate the Simple form functionality with multiple test data&quot;, &quot;Simple form feature&quot;](3)" classname="steps.SForm_TestRunner" time="5.86">
    <system-out><![CDATA[Thank You for reaching out to us, Basanti TangAWali
]]></system-out>
  </testcase>
  <testcase name="runScenario[&quot;To validate the Simple form functionality with multiple test data&quot;, &quot;Simple form feature&quot;](4)" classname="steps.SForm_TestRunner" time="5.955">
    <system-out><![CDATA[Thank You for reaching out to us, Veeru Thug
]]></system-out>
  </testcase>
  <testcase name="runScenario[&quot;To validate the Simple form functionality with multiple test data&quot;, &quot;Simple form feature&quot;](5)" classname="steps.SForm_TestRunner" time="6.0">
    <system-out><![CDATA[Thank You for reaching out to us, Jai Thug
]]></system-out>
  </testcase>
  <testcase name="runScenario[&quot;To validate the Simple form functionality with multiple test data&quot;, &quot;Simple form feature&quot;](6)" classname="steps.SForm_TestRunner" time="7.107">
    <system-out><![CDATA[Thank You for reaching out to us, Thakur Kanna
]]></system-out>
  </testcase>
</testsuite>