<?xml version="1.0" encoding="UTF-8"?>
<testng-results ignored="0" total="6" passed="6" failed="0" skipped="0">
  <reporter-output>
  </reporter-output>
  <suite started-at="2024-08-13T01:47:51 IST" name="Default suite" finished-at="2024-08-13T01:48:35 IST" duration-ms="43665">
    <groups>
      <group name="cucumber">
        <method signature="AbstractTestNGCucumberTests.runScenario(io.cucumber.testng.PickleWrapper,io.cucumber.testng.FeatureWrapper)[pri:0, instance:runner.SForm_TestRunner@742ff096]" name="runScenario" class="io.cucumber.testng.AbstractTestNGCucumberTests"/>
      </group> <!-- cucumber -->
    </groups>
    <test started-at="2024-08-13T01:47:51 IST" name="Default test" finished-at="2024-08-13T01:48:35 IST" duration-ms="43665">
      <class name="runner.SForm_TestRunner">
        <test-method is-config="true" signature="setUpClass(org.testng.ITestContext)[pri:0, instance:runner.SForm_TestRunner@742ff096]" started-at="2024-08-13T01:47:51 IST" name="setUpClass" finished-at="2024-08-13T01:47:52 IST" duration-ms="459" status="PASS">
          <params>
            <param index="0">
              <value>
                <![CDATA[org.testng.TestRunner@43e9089]]>
              </value>
            </param>
          </params>
          <reporter-output>
          </reporter-output>
        </test-method> <!-- setUpClass -->
        <test-method signature="runScenario(io.cucumber.testng.PickleWrapper,io.cucumber.testng.FeatureWrapper)[pri:0, instance:runner.SForm_TestRunner@742ff096]" started-at="2024-08-13T01:47:52 IST" name="runScenario" description="Runs Cucumber Scenarios" data-provider="scenarios" finished-at="2024-08-13T01:48:00 IST" duration-ms="7804" status="PASS">
          <params>
            <param index="0">
              <value>
                <![CDATA["To validate the Simple form functionality"]]>
              </value>
            </param>
            <param index="1">
              <value>
                <![CDATA["Simple form feature"]]>
              </value>
            </param>
          </params>
          <reporter-output>
          </reporter-output>
        </test-method> <!-- runScenario -->
        <test-method signature="runScenario(io.cucumber.testng.PickleWrapper,io.cucumber.testng.FeatureWrapper)[pri:0, instance:runner.SForm_TestRunner@742ff096]" started-at="2024-08-13T01:48:00 IST" name="runScenario" description="Runs Cucumber Scenarios" data-provider="scenarios" finished-at="2024-08-13T01:48:06 IST" duration-ms="6636" status="PASS">
          <params>
            <param index="0">
              <value>
                <![CDATA["To validate the Simple form functionality with multiple test data"]]>
              </value>
            </param>
            <param index="1">
              <value>
                <![CDATA["Simple form feature"]]>
              </value>
            </param>
          </params>
          <reporter-output>
          </reporter-output>
        </test-method> <!-- runScenario -->
        <test-method signature="runScenario(io.cucumber.testng.PickleWrapper,io.cucumber.testng.FeatureWrapper)[pri:0, instance:runner.SForm_TestRunner@742ff096]" started-at="2024-08-13T01:48:06 IST" name="runScenario" description="Runs Cucumber Scenarios" data-provider="scenarios" finished-at="2024-08-13T01:48:14 IST" duration-ms="7645" status="PASS">
          <params>
            <param index="0">
              <value>
                <![CDATA["To validate the Simple form functionality with multiple test data"]]>
              </value>
            </param>
            <param index="1">
              <value>
                <![CDATA["Simple form feature"]]>
              </value>
            </param>
          </params>
          <reporter-output>
          </reporter-output>
        </test-method> <!-- runScenario -->
        <test-method signature="runScenario(io.cucumber.testng.PickleWrapper,io.cucumber.testng.FeatureWrapper)[pri:0, instance:runner.SForm_TestRunner@742ff096]" started-at="2024-08-13T01:48:14 IST" name="runScenario" description="Runs Cucumber Scenarios" data-provider="scenarios" finished-at="2024-08-13T01:48:21 IST" duration-ms="7172" status="PASS">
          <params>
            <param index="0">
              <value>
                <![CDATA["To validate the Simple form functionality with multiple test data"]]>
              </value>
            </param>
            <param index="1">
              <value>
                <![CDATA["Simple form feature"]]>
              </value>
            </param>
          </params>
          <reporter-output>
          </reporter-output>
        </test-method> <!-- runScenario -->
        <test-method signature="runScenario(io.cucumber.testng.PickleWrapper,io.cucumber.testng.FeatureWrapper)[pri:0, instance:runner.SForm_TestRunner@742ff096]" started-at="2024-08-13T01:48:21 IST" name="runScenario" description="Runs Cucumber Scenarios" data-provider="scenarios" finished-at="2024-08-13T01:48:28 IST" duration-ms="7040" status="PASS">
          <params>
            <param index="0">
              <value>
                <![CDATA["To validate the Simple form functionality with multiple test data"]]>
              </value>
            </param>
            <param index="1">
              <value>
                <![CDATA["Simple form feature"]]>
              </value>
            </param>
          </params>
          <reporter-output>
          </reporter-output>
        </test-method> <!-- runScenario -->
        <test-method signature="runScenario(io.cucumber.testng.PickleWrapper,io.cucumber.testng.FeatureWrapper)[pri:0, instance:runner.SForm_TestRunner@742ff096]" started-at="2024-08-13T01:48:28 IST" name="runScenario" description="Runs Cucumber Scenarios" data-provider="scenarios" finished-at="2024-08-13T01:48:35 IST" duration-ms="6750" status="PASS">
          <params>
            <param index="0">
              <value>
                <![CDATA["To validate the Simple form functionality with multiple test data"]]>
              </value>
            </param>
            <param index="1">
              <value>
                <![CDATA["Simple form feature"]]>
              </value>
            </param>
          </params>
          <reporter-output>
          </reporter-output>
        </test-method> <!-- runScenario -->
        <test-method is-config="true" signature="tearDownClass()[pri:0, instance:runner.SForm_TestRunner@742ff096]" started-at="2024-08-13T01:48:35 IST" name="tearDownClass" finished-at="2024-08-13T01:48:35 IST" duration-ms="4" status="PASS">
          <reporter-output>
          </reporter-output>
        </test-method> <!-- tearDownClass -->
      </class> <!-- runner.SForm_TestRunner -->
    </test> <!-- Default test -->
  </suite> <!-- Default suite -->
</testng-results>
